\BOOKMARK [0][-]{chapter.1}{\376\377\000U\000s\000e\000r\000\040\000D\000o\000c\000u\000m\000e\000n\000t\000a\000t\000i\000o\000n}{}% 1
\BOOKMARK [1][-]{section.1.1}{\376\377\000W\000o\000r\000k\000i\000n\000g\000\040\000w\000i\000t\000h\000\040\000M\000e\000m\000b\000e\000r\000s\000\040\000\050\000M\000i\000t\000g\000l\000i\000e\000d\000e\000r\000\051}{chapter.1}% 2
\BOOKMARK [2][-]{subsection.1.1.1}{\376\377\000C\000r\000e\000a\000t\000e\000\040\000a\000\040\000M\000e\000m\000b\000e\000r}{section.1.1}% 3
\BOOKMARK [2][-]{subsection.1.1.2}{\376\377\000A\000l\000t\000e\000r\000\040\000a\000\040\000M\000e\000m\000b\000e\000r}{section.1.1}% 4
\BOOKMARK [2][-]{subsection.1.1.3}{\376\377\000D\000e\000l\000e\000t\000e\000\040\000a\000\040\000M\000e\000m\000b\000e\000r}{section.1.1}% 5
\BOOKMARK [1][-]{section.1.2}{\376\377\000W\000o\000r\000k\000i\000n\000g\000\040\000w\000i\000t\000h\000\040\000O\000r\000g\000a\000n\000i\000z\000a\000t\000i\000o\000n\000a\000l\000\040\000u\000n\000i\000t\000s\000\040\000\050\000O\000r\000g\000a\000n\000i\000s\000a\000t\000i\000o\000n\000s\000e\000i\000n\000h\000e\000i\000t\000e\000n\000\051}{chapter.1}% 6
\BOOKMARK [2][-]{subsection.1.2.1}{\376\377\000A\000d\000d\000\040\000a\000\040\000n\000e\000w\000\040\000O\000r\000g\000a\000n\000i\000z\000a\000t\000i\000o\000n\000a\000l\000\040\000u\000n\000i\000t}{section.1.2}% 7
\BOOKMARK [2][-]{subsection.1.2.2}{\376\377\000A\000l\000t\000e\000r\000\040\000a\000n\000\040\000O\000r\000g\000a\000n\000i\000z\000a\000t\000i\000o\000n\000a\000l\000\040\000u\000n\000i\000t}{section.1.2}% 8
\BOOKMARK [2][-]{subsection.1.2.3}{\376\377\000D\000e\000l\000e\000t\000e\000\040\000a\000n\000\040\000O\000r\000g\000a\000n\000i\000z\000a\000t\000i\000o\000n\000a\000l\000\040\000u\000n\000i\000t}{section.1.2}% 9
\BOOKMARK [1][-]{section.1.3}{\376\377\000W\000o\000r\000k\000i\000n\000g\000\040\000w\000i\000t\000h\000\040\000S\000u\000b\000s\000e\000c\000t\000i\000o\000n\000s\000\040\000\050\000U\000n\000t\000e\000r\000b\000e\000r\000e\000i\000c\000h\000e\000\051}{chapter.1}% 10
\BOOKMARK [2][-]{subsection.1.3.1}{\376\377\000C\000r\000e\000a\000t\000e\000\040\000a\000\040\000n\000e\000w\000\040\000S\000u\000b\000s\000e\000c\000t\000i\000o\000n}{section.1.3}% 11
\BOOKMARK [2][-]{subsection.1.3.2}{\376\377\000A\000l\000t\000e\000r\000\040\000a\000\040\000S\000u\000b\000s\000e\000c\000t\000i\000o\000n}{section.1.3}% 12
\BOOKMARK [2][-]{subsection.1.3.3}{\376\377\000D\000e\000l\000e\000t\000e\000\040\000a\000\040\000S\000u\000b\000s\000e\000c\000t\000i\000o\000n}{section.1.3}% 13
\BOOKMARK [1][-]{section.1.4}{\376\377\000W\000o\000r\000k\000i\000n\000g\000\040\000w\000i\000t\000h\000\040\000F\000u\000n\000c\000t\000i\000o\000n\000s\000\040\000\050\000F\000u\000n\000k\000t\000i\000o\000n\000e\000n\000\051}{chapter.1}% 14
\BOOKMARK [2][-]{subsection.1.4.1}{\376\377\000A\000d\000d\000\040\000a\000\040\000n\000e\000w\000\040\000F\000u\000n\000c\000t\000i\000o\000n}{section.1.4}% 15
\BOOKMARK [2][-]{subsection.1.4.2}{\376\377\000A\000l\000t\000e\000r\000\040\000a\000\040\000F\000u\000n\000c\000t\000i\000o\000n}{section.1.4}% 16
\BOOKMARK [2][-]{subsection.1.4.3}{\376\377\000D\000e\000l\000e\000t\000e\000\040\000a\000\040\000F\000u\000n\000c\000t\000i\000o\000n}{section.1.4}% 17
\BOOKMARK [1][-]{section.1.5}{\376\377\000W\000o\000r\000k\000i\000n\000g\000\040\000w\000i\000t\000h\000\040\000C\000h\000e\000c\000k\000l\000i\000s\000t\000s\000\040\000\050\000C\000h\000e\000c\000k\000l\000i\000s\000t\000e\000n\000\051}{chapter.1}% 18
\BOOKMARK [2][-]{subsection.1.5.1}{\376\377\000C\000r\000e\000a\000t\000e\000\040\000a\000\040\000n\000e\000w\000\040\000G\000e\000n\000e\000r\000a\000l\000\040\000T\000a\000s\000k}{section.1.5}% 19
\BOOKMARK [2][-]{subsection.1.5.2}{\376\377\000C\000r\000e\000a\000t\000e\000\040\000R\000i\000g\000h\000t\000\040\000f\000o\000r\000\040\000a\000\040\000F\000u\000n\000c\000t\000i\000o\000n}{section.1.5}% 20
\BOOKMARK [2][-]{subsection.1.5.3}{\376\377\000C\000r\000e\000a\000t\000e\000\040\000a\000\040\000n\000e\000w\000\040\000C\000h\000e\000c\000k\000l\000i\000s\000t}{section.1.5}% 21
\BOOKMARK [2][-]{subsection.1.5.4}{\376\377\000D\000e\000l\000e\000t\000e\000\040\000a\000\040\000C\000h\000e\000c\000k\000l\000i\000s\000t}{section.1.5}% 22
\BOOKMARK [1][-]{section.1.6}{\376\377\000W\000o\000r\000k\000i\000n\000g\000\040\000w\000i\000t\000h\000\040\000U\000s\000e\000r\000s\000\040\000a\000n\000d\000\040\000A\000d\000m\000i\000n\000s}{chapter.1}% 23
\BOOKMARK [2][-]{subsection.1.6.1}{\376\377\000C\000r\000e\000a\000t\000e\000\040\000a\000n\000\040\000U\000s\000e\000r}{section.1.6}% 24
\BOOKMARK [2][-]{subsection.1.6.2}{\376\377\000C\000r\000e\000a\000t\000e\000\040\000a\000\040\000U\000s\000e\000r\000\040\000\050\000w\000i\000t\000h\000\040\000A\000d\000m\000i\000n\000\040\000r\000i\000g\000h\000t\000s\000\051}{section.1.6}% 25
\BOOKMARK [0][-]{chapter.2}{\376\377\000A\000d\000m\000i\000n\000\040\000D\000o\000c\000u\000m\000e\000n\000t\000a\000t\000i\000o\000n}{}% 26
\BOOKMARK [1][-]{section.2.1}{\376\377\000D\000e\000p\000l\000o\000y\000m\000e\000n\000t}{chapter.2}% 27
\BOOKMARK [2][-]{subsection.2.1.1}{\376\377\000S\000o\000u\000r\000c\000e\000s\000:}{section.2.1}% 28
\BOOKMARK [2][-]{subsection.2.1.2}{\376\377\000R\000e\000q\000u\000i\000r\000e\000m\000e\000n\000t\000s\000:}{section.2.1}% 29
\BOOKMARK [2][-]{subsection.2.1.3}{\376\377\000B\000a\000s\000i\000c\000\040\000c\000o\000n\000f\000i\000g\000u\000r\000a\000t\000i\000o\000n\000:}{section.2.1}% 30
\BOOKMARK [2][-]{subsection.2.1.4}{\376\377\000A\000d\000j\000u\000s\000t\000\040\000D\000j\000a\000n\000g\000o\000\040\000P\000r\000o\000j\000e\000c\000t\000\040\000S\000e\000t\000t\000i\000n\000g\000s\000:}{section.2.1}% 31
\BOOKMARK [2][-]{subsection.2.1.5}{\376\377\000C\000o\000n\000f\000i\000g\000u\000r\000e\000\040\000A\000p\000a\000c\000h\000e\0002\000:}{section.2.1}% 32
\BOOKMARK [2][-]{subsection.2.1.6}{\376\377\000S\000o\000l\000v\000e\000\040\000s\000o\000m\000e\000\040\000P\000e\000r\000m\000i\000s\000s\000i\000o\000n\000\040\000I\000s\000s\000u\000e\000s\000:}{section.2.1}% 33
\BOOKMARK [1][-]{section.2.2}{\376\377\000C\000r\000o\000n\000j\000o\000b\000s}{chapter.2}% 34
\BOOKMARK [1][-]{section.2.3}{\376\377\000U\000p\000d\000a\000t\000e\000\040\000t\000h\000e\000\040\000A\000p\000p\000l\000i\000c\000a\000t\000i\000o\000n}{chapter.2}% 35
\BOOKMARK [2][-]{subsection.2.3.1}{\376\377\000U\000p\000d\000a\000t\000e\000\040\000F\000r\000o\000m\000\040\000G\000i\000t\000H\000u\000b\000\040\000w\000i\000t\000h\000\040\000n\000o\000\040\000c\000h\000a\000n\000g\000e\000s\000\040\000i\000n\000\040\000m\000i\000g\000r\000a\000t\000i\000o\000n\000s\000:}{section.2.3}% 36
\BOOKMARK [0][-]{chapter.3}{\376\377\000D\000e\000v\000e\000l\000o\000p\000e\000r\000\040\000D\000o\000c\000u\000m\000e\000n\000t\000a\000t\000i\000o\000n}{}% 37
\BOOKMARK [1][-]{section.3.1}{\376\377\000I\000n\000t\000r\000o\000d\000u\000c\000t\000i\000o\000n\000\040\000D\000e\000v\000e\000l\000o\000p\000m\000e\000n\000t}{chapter.3}% 38
\BOOKMARK [2][-]{subsection.3.1.1}{\376\377\000C\000l\000o\000n\000e\000\040\000t\000h\000e\000\040\000G\000i\000t\000-\000R\000e\000p\000o\000s\000i\000t\000o\000r\000y\000,\000\040\000i\000n\000s\000t\000a\000l\000l\000\040\000t\000h\000e\000\040\000r\000e\000q\000u\000i\000r\000e\000m\000e\000n\000t\000s\000\040\000a\000n\000d\000\040\000f\000i\000r\000e\000\040\000u\000p\000\040\000t\000h\000e\000\040\000W\000e\000b\000s\000e\000r\000v\000e\000r\000\040\000f\000o\000r\000\040\000d\000e\000v\000e\000l\000o\000p\000e\000m\000e\000n\000t}{section.3.1}% 39
\BOOKMARK [1][-]{section.3.2}{\376\377\000S\000y\000s\000t\000e\000m\000\040\000A\000r\000c\000h\000i\000t\000e\000c\000t\000u\000r\000e}{chapter.3}% 40
\BOOKMARK [1][-]{section.3.3}{\376\377\000T\000h\000e\000\040\000V\000\040\000i\000n\000\040\000M\000V\000C}{chapter.3}% 41
\BOOKMARK [1][-]{section.3.4}{\376\377\000C\000o\000m\000p\000o\000n\000e\000n\000t\000s}{chapter.3}% 42
\BOOKMARK [1][-]{section.3.5}{\376\377\000D\000a\000t\000a\000b\000a\000s\000e\000\040\000S\000t\000r\000u\000c\000t\000u\000r\000e}{chapter.3}% 43
\BOOKMARK [1][-]{section.3.6}{\376\377\000A\000c\000t\000i\000v\000i\000t\000y\000\040\000D\000i\000a\000g\000r\000a\000m\000s}{chapter.3}% 44
\BOOKMARK [0][-]{chapter.4}{\376\377\000C\000o\000d\000e\000\040\000D\000o\000c\000u\000m\000e\000n\000t\000a\000t\000i\000o\000n}{}% 45
\BOOKMARK [1][-]{section.4.1}{\376\377\000L\000o\000g\000i\000n}{chapter.4}% 46
\BOOKMARK [2][-]{subsection.4.1.1}{\376\377\000V\000i\000e\000w\000s}{section.4.1}% 47
\BOOKMARK [2][-]{subsection.4.1.2}{\376\377\000T\000e\000m\000p\000l\000a\000t\000e\000s}{section.4.1}% 48
\BOOKMARK [1][-]{section.4.2}{\376\377\000\304\000m\000t\000e\000r}{chapter.4}% 49
\BOOKMARK [2][-]{subsection.4.2.1}{\376\377\000M\000o\000d\000e\000l\000s}{section.4.2}% 50
\BOOKMARK [2][-]{subsection.4.2.2}{\376\377\000V\000i\000e\000w\000s}{section.4.2}% 51
\BOOKMARK [2][-]{subsection.4.2.3}{\376\377\000T\000e\000m\000p\000l\000a\000t\000e\000s}{section.4.2}% 52
\BOOKMARK [1][-]{section.4.3}{\376\377\000H\000i\000s\000t\000o\000r\000i\000e}{chapter.4}% 53
\BOOKMARK [2][-]{subsection.4.3.1}{\376\377\000A\000b\000h\000\344\000n\000g\000i\000g\000k\000e\000i\000t\000e\000n}{section.4.3}% 54
\BOOKMARK [2][-]{subsection.4.3.2}{\376\377\000V\000i\000e\000w\000s}{section.4.3}% 55
\BOOKMARK [2][-]{subsection.4.3.3}{\376\377\000T\000e\000m\000p\000l\000a\000t\000e\000s}{section.4.3}% 56
\BOOKMARK [2][-]{subsection.4.3.4}{\376\377\000T\000e\000m\000p\000l\000a\000t\000e\000\040\000T\000a\000g\000s}{section.4.3}% 57
\BOOKMARK [1][-]{section.4.4}{\376\377\000M\000i\000t\000g\000l\000i\000e\000d\000e\000r}{chapter.4}% 58
\BOOKMARK [2][-]{subsection.4.4.1}{\376\377\000A\000b\000h\000\344\000n\000g\000i\000g\000k\000e\000i\000t\000e\000n}{section.4.4}% 59
\BOOKMARK [2][-]{subsection.4.4.2}{\376\377\000V\000i\000e\000w\000s}{section.4.4}% 60
\BOOKMARK [2][-]{subsection.4.4.3}{\376\377\000T\000e\000m\000p\000l\000a\000t\000e\000s}{section.4.4}% 61
\BOOKMARK [1][-]{section.4.5}{\376\377\000C\000h\000e\000c\000k\000l\000i\000s\000t\000e\000n}{chapter.4}% 62
\BOOKMARK [2][-]{subsection.4.5.1}{\376\377\000M\000o\000d\000e\000l\000s}{section.4.5}% 63
\BOOKMARK [2][-]{subsection.4.5.2}{\376\377\000V\000i\000e\000w\000s}{section.4.5}% 64
\BOOKMARK [2][-]{subsection.4.5.3}{\376\377\000T\000e\000m\000p\000l\000a\000t\000e\000s}{section.4.5}% 65
\BOOKMARK [2][-]{subsection.4.5.4}{\376\377\000T\000e\000m\000p\000l\000a\000t\000e\000\040\000T\000a\000g\000s}{section.4.5}% 66
\BOOKMARK [1][-]{section.4.6}{\376\377\000I\000m\000p\000o\000r\000t\000s\000c\000r\000i\000p\000t\000s}{chapter.4}% 67
\BOOKMARK [2][-]{subsection.4.6.1}{\376\377\000H\000o\000w\000\040\000t\000o\000\040\000u\000s\000e\000:}{section.4.6}% 68
\BOOKMARK [2][-]{subsection.4.6.2}{\376\377\000C\000S\000V\000\040\000D\000a\000t\000a\000:}{section.4.6}% 69
\BOOKMARK [2][-]{subsection.4.6.3}{\376\377\000F\000u\000n\000c\000t\000i\000o\000n\000s\000:}{section.4.6}% 70
\BOOKMARK [1][-]{section.4.7}{\376\377\000T\000e\000s\000t\000s}{chapter.4}% 71
\BOOKMARK [2][-]{subsection.4.7.1}{\376\377\000S\000o\000u\000r\000c\000e\000s}{section.4.7}% 72
\BOOKMARK [2][-]{subsection.4.7.2}{\376\377\000D\000e\000p\000e\000n\000d\000e\000n\000c\000i\000e\000s}{section.4.7}% 73
\BOOKMARK [2][-]{subsection.4.7.3}{\376\377\000M\000y\000T\000e\000s\000t\000C\000a\000s\000e}{section.4.7}% 74
\BOOKMARK [2][-]{subsection.4.7.4}{\376\377\000H\000e\000l\000p\000e\000r\000\040\000F\000u\000n\000c\000t\000i\000o\000n\000s}{section.4.7}% 75
\BOOKMARK [2][-]{subsection.4.7.5}{\376\377\000L\000o\000g\000i\000n\000\040\000M\000o\000d\000u\000l\000e\000\040\000T\000e\000s\000t\000s}{section.4.7}% 76
\BOOKMARK [2][-]{subsection.4.7.6}{\376\377\000M\000i\000t\000g\000l\000i\000e\000d\000e\000r\000\040\000M\000o\000d\000u\000l\000e\000\040\000T\000e\000s\000t\000s}{section.4.7}% 77
\BOOKMARK [2][-]{subsection.4.7.7}{\376\377\000A\000e\000m\000t\000e\000r\000\040\000M\000o\000d\000u\000l\000e\000\040\000T\000e\000s\000t\000s}{section.4.7}% 78
\BOOKMARK [2][-]{subsection.4.7.8}{\376\377\000L\000a\000t\000e\000s\000t\000\040\000t\000e\000s\000t\000\040\000c\000o\000v\000e\000r\000a\000g\000e\000\040\000r\000e\000p\000o\000r\000t}{section.4.7}% 79
\BOOKMARK [1][-]{section.4.8}{\376\377\000C\000o\000m\000m\000a\000n\000d\000s}{chapter.4}% 80
\BOOKMARK [2][-]{subsection.4.8.1}{\376\377\000d\000e\000l\000e\000t\000e\000\137\000o\000l\000d\000\137\000h\000i\000s\000t\000o\000r\000i\000e}{section.4.8}% 81
\BOOKMARK [2][-]{subsection.4.8.2}{\376\377\000c\000l\000e\000a\000n\000\137\000d\000u\000p\000l\000i\000c\000a\000t\000e\000\137\000h\000i\000s\000t\000o\000r\000y}{section.4.8}% 82
\BOOKMARK [0][-]{section*.412}{\376\377\000P\000y\000t\000h\000o\000n\000\040\000M\000o\000d\000u\000l\000e\000\040\000I\000n\000d\000e\000x}{}% 83
\BOOKMARK [0][-]{section*.413}{\376\377\000I\000n\000d\000e\000x}{}% 84
